<?xml version="1.0" encoding="UTF-8"?>
<!-- Generated by org.testng.reporters.JUnitReportReporter -->
<testsuite skipped="0" hostname="DT-RREDDY" name="testdata.logindetails" tests="3" failures="0" timestamp="06 Jun 2017 06:50:19 GMT" time="10.372" errors="0">
  <testcase name="PopWindows" time="0.016" classname="testdata.logindetails"/>
  <testcase name="login" time="0.002" classname="testdata.logindetails"/>
  <testcase name="Test1" time="10.354" classname="testdata.logindetails"/>
</testsuite> <!-- testdata.logindetails -->
