<?xml version="1.0" encoding="UTF-8"?>
<!-- Generated by org.testng.reporters.JUnitReportReporter -->
<testsuite skipped="0" hostname="DT-RREDDY" name="Utilities.Excel" tests="1" failures="0" timestamp="02 Jun 2017 09:06:27 GMT" time="0.410" errors="0">
  <testcase name="readXLSXFile" time="0.410" classname="Utilities.Excel"/>
</testsuite> <!-- Utilities.Excel -->
