<?xml version="1.0" encoding="UTF-8"?>
<!-- Generated by org.testng.reporters.JUnitReportReporter -->
<testsuite skipped="0" hostname="DT-RREDDY" name="Utilities.FetchDetails" tests="1" failures="0" timestamp="08 Jun 2017 06:59:53 GMT" time="20.825" errors="0">
  <testcase name="Test1" time="20.825" classname="Utilities.FetchDetails"/>
</testsuite> <!-- Utilities.FetchDetails -->
