<?xml version="1.0" encoding="UTF-8"?>
<!-- Generated by org.testng.reporters.JUnitReportReporter -->
<testsuite skipped="0" hostname="DT-RREDDY" name="Utilities.CookiesHandle" tests="1" failures="0" timestamp="01 Jun 2017 10:06:41 GMT" time="0.026" errors="0">
  <testcase name="handlecooies" time="0.026" classname="Utilities.CookiesHandle"/>
</testsuite> <!-- Utilities.CookiesHandle -->
