<?xml version="1.0" encoding="UTF-8"?>
<!-- Generated by org.testng.reporters.JUnitReportReporter -->
<testsuite skipped="0" hostname="DT-RREDDY" name="Utilities.Upload" tests="1" failures="0" timestamp="05 Jun 2017 12:12:46 GMT" time="17.528" errors="0">
  <testcase name="UploadFile" time="17.528" classname="Utilities.Upload"/>
</testsuite> <!-- Utilities.Upload -->
